0 info it worked if it ends with ok
1 verbose cli [ 'node', '/usr/local/bin/npm', 'install', '-g', 'hexo' ]
2 info using npm@1.4.28
3 info using node@v0.10.33
4 verbose cache add [ 'hexo', null ]
5 verbose cache add name=undefined spec="hexo" args=["hexo",null]
6 verbose parsed url { protocol: null,
6 verbose parsed url   slashes: null,
6 verbose parsed url   auth: null,
6 verbose parsed url   host: null,
6 verbose parsed url   port: null,
6 verbose parsed url   hostname: null,
6 verbose parsed url   hash: null,
6 verbose parsed url   search: null,
6 verbose parsed url   query: null,
6 verbose parsed url   pathname: 'hexo',
6 verbose parsed url   path: 'hexo',
6 verbose parsed url   href: 'hexo' }
7 silly lockFile 3f1a2efe-hexo hexo
8 verbose lock hexo /Users/jiangnan/.npm/3f1a2efe-hexo.lock
9 silly lockFile 3f1a2efe-hexo hexo
10 silly lockFile 3f1a2efe-hexo hexo
11 verbose addNamed [ 'hexo', '' ]
12 verbose addNamed [ null, '*' ]
13 silly lockFile c225e5a0-hexo hexo@
14 verbose lock hexo@ /Users/jiangnan/.npm/c225e5a0-hexo.lock
15 silly addNameRange { name: 'hexo', range: '*', hasData: false }
16 verbose request where is /hexo
17 verbose request registry https://registry.npmjs.org/
18 verbose request id 180fa4dc353da3c0
19 verbose url raw /hexo
20 verbose url resolving [ 'https://registry.npmjs.org/', './hexo' ]
21 verbose url resolved https://registry.npmjs.org/hexo
22 verbose request where is https://registry.npmjs.org/hexo
23 info trying registry request attempt 1 at 16:35:24
24 verbose etag "ELV3WGSHJ08VXVSM837L77Z4Y"
25 http GET https://registry.npmjs.org/hexo
26 http 304 https://registry.npmjs.org/hexo
27 silly registry.get cb [ 304,
27 silly registry.get   { date: 'Tue, 18 Nov 2014 08:35:25 GMT',
27 silly registry.get     server: 'Apache',
27 silly registry.get     via: '1.1 varnish',
27 silly registry.get     'last-modified': 'Tue, 18 Nov 2014 08:35:25 GMT',
27 silly registry.get     'cache-control': 'max-age=60',
27 silly registry.get     etag: '"ELV3WGSHJ08VXVSM837L77Z4Y"',
27 silly registry.get     age: '0',
27 silly registry.get     'x-served-by': 'cache-atl6232-ATL',
27 silly registry.get     'x-cache': 'MISS',
27 silly registry.get     'x-cache-hits': '0',
27 silly registry.get     'x-timer': 'S1416299725.139116,VS0,VE193',
27 silly registry.get     vary: 'Accept',
27 silly registry.get     'content-length': '0',
27 silly registry.get     'keep-alive': 'timeout=10, max=50',
27 silly registry.get     connection: 'Keep-Alive' } ]
28 verbose etag https://registry.npmjs.org/hexo from cache
29 silly addNameRange number 2 { name: 'hexo', range: '*', hasData: true }
30 silly addNameRange versions [ 'hexo',
30 silly addNameRange   [ '0.0.1',
30 silly addNameRange     '0.0.2',
30 silly addNameRange     '0.0.3',
30 silly addNameRange     '0.0.4',
30 silly addNameRange     '0.0.5',
30 silly addNameRange     '0.0.6',
30 silly addNameRange     '0.1.0',
30 silly addNameRange     '0.1.1',
30 silly addNameRange     '0.1.2',
30 silly addNameRange     '0.1.3',
30 silly addNameRange     '0.1.4',
30 silly addNameRange     '0.1.5',
30 silly addNameRange     '0.1.6',
30 silly addNameRange     '0.1.7',
30 silly addNameRange     '0.1.8',
30 silly addNameRange     '0.1.9',
30 silly addNameRange     '0.1.10',
30 silly addNameRange     '0.1.11',
30 silly addNameRange     '0.2.0',
30 silly addNameRange     '0.2.1',
30 silly addNameRange     '0.3.0',
30 silly addNameRange     '0.3.1',
30 silly addNameRange     '0.3.2',
30 silly addNameRange     '0.4.0',
30 silly addNameRange     '0.4.1',
30 silly addNameRange     '0.4.2',
30 silly addNameRange     '0.4.3',
30 silly addNameRange     '0.4.4',
30 silly addNameRange     '0.4.5',
30 silly addNameRange     '0.5.0',
30 silly addNameRange     '0.5.1',
30 silly addNameRange     '0.5.2',
30 silly addNameRange     '0.5.3',
30 silly addNameRange     '0.5.4',
30 silly addNameRange     '0.5.5',
30 silly addNameRange     '0.5.6',
30 silly addNameRange     '0.5.7',
30 silly addNameRange     '0.5.8',
30 silly addNameRange     '0.5.9',
30 silly addNameRange     '0.5.10',
30 silly addNameRange     '0.5.11',
30 silly addNameRange     '0.5.12',
30 silly addNameRange     '1.0.0',
30 silly addNameRange     '1.0.1',
30 silly addNameRange     '1.0.2',
30 silly addNameRange     '1.0.3',
30 silly addNameRange     '1.0.4',
30 silly addNameRange     '1.0.5',
30 silly addNameRange     '1.0.6',
30 silly addNameRange     '1.0.7',
30 silly addNameRange     '1.0.8',
30 silly addNameRange     '1.0.9',
30 silly addNameRange     '1.1.0',
30 silly addNameRange     '1.1.1',
30 silly addNameRange     '1.1.2',
30 silly addNameRange     '1.1.3',
30 silly addNameRange     '1.1.4',
30 silly addNameRange     '1.2.0',
30 silly addNameRange     '1.2.1',
30 silly addNameRange     '1.2.2',
30 silly addNameRange     '1.2.3',
30 silly addNameRange     '1.2.4',
30 silly addNameRange     '2.0.0-beta2',
30 silly addNameRange     '2.0.0-rc1',
30 silly addNameRange     '2.0.0-rc2',
30 silly addNameRange     '2.0.0-beta1',
30 silly addNameRange     '2.0.0-rc3',
30 silly addNameRange     '2.0.0',
30 silly addNameRange     '2.0.1',
30 silly addNameRange     '2.0.2',
30 silly addNameRange     '2.0.3',
30 silly addNameRange     '2.0.4',
30 silly addNameRange     '2.0.5',
30 silly addNameRange     '2.0.6',
30 silly addNameRange     '2.0.7',
30 silly addNameRange     '2.1.0',
30 silly addNameRange     '2.1.1',
30 silly addNameRange     '2.2.0',
30 silly addNameRange     '2.2.1',
30 silly addNameRange     '2.3.0',
30 silly addNameRange     '2.4.0',
30 silly addNameRange     '2.4.1',
30 silly addNameRange     '2.4.2',
30 silly addNameRange     '2.4.3',
30 silly addNameRange     '2.4.4',
30 silly addNameRange     '2.4.5',
30 silly addNameRange     '2.5.1',
30 silly addNameRange     '2.5.2',
30 silly addNameRange     '2.5.3',
30 silly addNameRange     '2.5.4',
30 silly addNameRange     '2.5.5',
30 silly addNameRange     '2.5.6',
30 silly addNameRange     '2.5.7',
30 silly addNameRange     '2.6.0',
30 silly addNameRange     '2.6.1',
30 silly addNameRange     '2.6.2',
30 silly addNameRange     '2.6.3',
30 silly addNameRange     '2.7.0',
30 silly addNameRange     '2.7.1',
30 silly addNameRange     '2.8.0',
30 silly addNameRange     '2.8.1',
30 silly addNameRange     '2.8.2',
30 silly addNameRange     '2.8.3' ] ]
31 verbose addNamed [ 'hexo', '2.8.3' ]
32 verbose addNamed [ '2.8.3', '2.8.3' ]
33 silly lockFile 5b4a9e86-hexo-2-8-3 hexo@2.8.3
34 verbose lock hexo@2.8.3 /Users/jiangnan/.npm/5b4a9e86-hexo-2-8-3.lock
35 silly lockFile 5b4a9e86-hexo-2-8-3 hexo@2.8.3
36 silly lockFile 5b4a9e86-hexo-2-8-3 hexo@2.8.3
37 silly lockFile c225e5a0-hexo hexo@
38 silly lockFile c225e5a0-hexo hexo@
39 silly resolved [ { name: 'hexo',
39 silly resolved     version: '2.8.3',
39 silly resolved     description: 'A fast, simple & powerful blog framework, powered by Node.js.',
39 silly resolved     main: 'lib/hexo',
39 silly resolved     bin: { hexo: './bin/hexo' },
39 silly resolved     scripts: { test: 'gulp test' },
39 silly resolved     directories: { lib: './lib', bin: './bin' },
39 silly resolved     engines: { node: '>= 0.10.0' },
39 silly resolved     repository: { type: 'git', url: 'git://github.com/hexojs/hexo.git' },
39 silly resolved     bugs: { url: 'https://github.com/hexojs/hexo/issues' },
39 silly resolved     homepage: 'http://hexo.io/',
39 silly resolved     keywords: [ 'website', 'blog', 'cms', 'framework', 'hexo' ],
39 silly resolved     author:
39 silly resolved      { name: 'Tommy Chen',
39 silly resolved        email: 'tommy351@gmail.com',
39 silly resolved        url: 'http://zespia.tw' },
39 silly resolved     license: 'MIT',
39 silly resolved     dependencies:
39 silly resolved      { async: '^0.9.0',
39 silly resolved        cheerio: '0.17.0',
39 silly resolved        chokidar: '0.8.2',
39 silly resolved        colors: '0.6.2',
39 silly resolved        compression: '^1.0.3',
39 silly resolved        connect: '3.x',
39 silly resolved        'graceful-fs': '^3.0.2',
39 silly resolved        'hexo-front-matter': '0.0.4',
39 silly resolved        'highlight.js': '8.1.0',
39 silly resolved        'js-yaml': '^3.1.0',
39 silly resolved        lodash: '^2.4.1',
39 silly resolved        mime: '^1.2.11',
39 silly resolved        minimist: '0.2.0',
39 silly resolved        moment: '^2.8.1',
39 silly resolved        morgan: '^1.1.1',
39 silly resolved        'serve-static': '^1.2.0',
39 silly resolved        'sprintf-js': '0.0.7',
39 silly resolved        'strip-indent': '^0.1.3',
39 silly resolved        swig: '1.4.1',
39 silly resolved        warehouse: '0.2.2' },
39 silly resolved     devDependencies:
39 silly resolved      { mocha: '^1.20.1',
39 silly resolved        chai: '^1.9.1',
39 silly resolved        gulp: '^3.6.2',
39 silly resolved        'gulp-jshint': '^1.5.5',
39 silly resolved        'gulp-mocha': '^0.5.1',
39 silly resolved        'jshint-stylish': '^0.4.0' },
39 silly resolved     gitHead: '9779191fead4f590a96f7f0dd4ba1b94ec29c025',
39 silly resolved     _id: 'hexo@2.8.3',
39 silly resolved     _shasum: '79eb17e64b73b25d4e7abc565e039ca107cef802',
39 silly resolved     _from: 'hexo@',
39 silly resolved     _npmVersion: '1.4.23',
39 silly resolved     _npmUser: { name: 'tommy351', email: 'tommy351@gmail.com' },
39 silly resolved     maintainers: [ [Object] ],
39 silly resolved     dist:
39 silly resolved      { shasum: '79eb17e64b73b25d4e7abc565e039ca107cef802',
39 silly resolved        tarball: 'http://registry.npmjs.org/hexo/-/hexo-2.8.3.tgz' },
39 silly resolved     _resolved: 'https://registry.npmjs.org/hexo/-/hexo-2.8.3.tgz',
39 silly resolved     readme: 'ERROR: No README data found!' } ]
40 info install hexo@2.8.3 into /usr/local/lib
41 info installOne hexo@2.8.3
42 verbose lib/node_modules/hexo unbuild
43 verbose tar unpack /Users/jiangnan/.npm/hexo/2.8.3/package.tgz
44 silly lockFile 9bdfa400--usr-local-lib-node-modules-hexo tar:///usr/local/lib/node_modules/hexo
45 verbose lock tar:///usr/local/lib/node_modules/hexo /Users/jiangnan/.npm/9bdfa400--usr-local-lib-node-modules-hexo.lock
46 silly lockFile 96a6e845-ngnan-npm-hexo-2-8-3-package-tgz tar:///Users/jiangnan/.npm/hexo/2.8.3/package.tgz
47 verbose lock tar:///Users/jiangnan/.npm/hexo/2.8.3/package.tgz /Users/jiangnan/.npm/96a6e845-ngnan-npm-hexo-2-8-3-package-tgz.lock
48 silly gunzTarPerm modes [ '755', '644' ]
49 error Error: EACCES, mkdir '/usr/local/lib/node_modules/hexo'
49 error  { [Error: EACCES, mkdir '/usr/local/lib/node_modules/hexo']
49 error   errno: 3,
49 error   code: 'EACCES',
49 error   path: '/usr/local/lib/node_modules/hexo',
49 error   fstream_type: 'Directory',
49 error   fstream_path: '/usr/local/lib/node_modules/hexo',
49 error   fstream_class: 'DirWriter',
49 error   fstream_stack:
49 error    [ '/usr/local/lib/node_modules/npm/node_modules/fstream/lib/dir-writer.js:36:23',
49 error      '/usr/local/lib/node_modules/npm/node_modules/mkdirp/index.js:46:53',
49 error      'Object.oncomplete (fs.js:107:15)' ] }
50 error Please try running this command again as root/Administrator.
51 error System Darwin 14.0.0
52 error command "node" "/usr/local/bin/npm" "install" "-g" "hexo"
53 error cwd /Users/jiangnan/HexoBlog
54 error node -v v0.10.33
55 error npm -v 1.4.28
56 error path /usr/local/lib/node_modules/hexo
57 error fstream_path /usr/local/lib/node_modules/hexo
58 error fstream_type Directory
59 error fstream_class DirWriter
60 error code EACCES
61 error errno 3
62 error stack Error: EACCES, mkdir '/usr/local/lib/node_modules/hexo'
63 error fstream_stack /usr/local/lib/node_modules/npm/node_modules/fstream/lib/dir-writer.js:36:23
63 error fstream_stack /usr/local/lib/node_modules/npm/node_modules/mkdirp/index.js:46:53
63 error fstream_stack Object.oncomplete (fs.js:107:15)
64 verbose exit [ 3, true ]
